# JRE version: Java(TM) SE Runtime Environment (8.0_231-b11) (build 1.8.0_231-b11)
# Java VM: Java HotSpot(TM) 64-Bit Server VM (25.231-b11 mixed mode windows-amd64 compressed oops)
Heap:
 PSYoungGen      total 317440K, used 32771K [0x00000000d5580000, 0x00000000edd00000, 0x0000000100000000)
  eden space 285184K, 11% used [0x00000000d5580000,0x00000000d7580e00,0x00000000e6c00000)
  from space 32256K, 0% used [0x00000000ebd80000,0x00000000ebd80000,0x00000000edd00000)
  to   space 39936K, 0% used [0x00000000e8f00000,0x00000000e8f00000,0x00000000eb600000)
 ParOldGen       total 111104K, used 68679K [0x0000000080000000, 0x0000000086c80000, 0x00000000d5580000)
  object space 111104K, 61% used [0x0000000080000000,0x0000000084311cb8,0x0000000086c80000)
 Metaspace       used 93633K, capacity 97427K, committed 98816K, reserved 1134592K
  class space    used 12395K, capacity 13187K, committed 13440K, reserved 1048576K
GC Heap History (10 events):
Event: 48.855 GC heap before
{Heap before GC invocations=18 (full 3):
 PSYoungGen      total 276480K, used 274666K [0x00000000d5580000, 0x00000000e7b00000, 0x0000000100000000)
  eden space 256512K, 100% used [0x00000000d5580000,0x00000000e5000000,0x00000000e5000000)
  from space 19968K, 90% used [0x00000000e6780000,0x00000000e793a9b0,0x00000000e7b00000)
  to   space 22016K, 0% used [0x00000000e5000000,0x00000000e5000000,0x00000000e6580000)
 ParOldGen       total 111104K, used 43562K [0x0000000080000000, 0x0000000086c80000, 0x00000000d5580000)
  object space 111104K, 39% used [0x0000000080000000,0x0000000082a8a8c8,0x0000000086c80000)
 Metaspace       used 81824K, capacity 85472K, committed 85632K, reserved 1122304K
  class space    used 11182K, capacity 11875K, committed 11904K, reserved 1048576K
Event: 48.899 GC heap after
Heap after GC invocations=18 (full 3):
 PSYoungGen      total 278528K, used 18195K [0x00000000d5580000, 0x00000000ea980000, 0x0000000100000000)
  eden space 256512K, 0% used [0x00000000d5580000,0x00000000d5580000,0x00000000e5000000)
  from space 22016K, 82% used [0x00000000e5000000,0x00000000e61c4c08,0x00000000e6580000)
  to   space 24064K, 0% used [0x00000000e9200000,0x00000000e9200000,0x00000000ea980000)
 ParOldGen       total 111104K, used 43570K [0x0000000080000000, 0x0000000086c80000, 0x00000000d5580000)
  object space 111104K, 39% used [0x0000000080000000,0x0000000082a8c8c8,0x0000000086c80000)
 Metaspace       used 81824K, capacity 85472K, committed 85632K, reserved 1122304K
  class space    used 11182K, capacity 11875K, committed 11904K, reserved 1048576K
}
Event: 51.274 GC heap before
{Heap before GC invocations=19 (full 3):
 PSYoungGen      total 278528K, used 274707K [0x00000000d5580000, 0x00000000ea980000, 0x0000000100000000)
  eden space 256512K, 100% used [0x00000000d5580000,0x00000000e5000000,0x00000000e5000000)
  from space 22016K, 82% used [0x00000000e5000000,0x00000000e61c4c08,0x00000000e6580000)
  to   space 24064K, 0% used [0x00000000e9200000,0x00000000e9200000,0x00000000ea980000)
 ParOldGen       total 111104K, used 43570K [0x0000000080000000, 0x0000000086c80000, 0x00000000d5580000)
  object space 111104K, 39% used [0x0000000080000000,0x0000000082a8c8c8,0x0000000086c80000)
 Metaspace       used 82100K, capacity 85832K, committed 86016K, reserved 1124352K
  class space    used 11203K, capacity 11909K, committed 12032K, reserved 1048576K
Event: 51.355 GC heap after
Heap after GC invocations=19 (full 3):
 PSYoungGen      total 321024K, used 23684K [0x00000000d5580000, 0x00000000ebc00000, 0x0000000100000000)
  eden space 296960K, 0% used [0x00000000d5580000,0x00000000d5580000,0x00000000e7780000)
  from space 24064K, 98% used [0x00000000e9200000,0x00000000ea9213d0,0x00000000ea980000)
  to   space 27136K, 0% used [0x00000000e7780000,0x00000000e7780000,0x00000000e9200000)
 ParOldGen       total 111104K, used 43578K [0x0000000080000000, 0x0000000086c80000, 0x00000000d5580000)
  object space 111104K, 39% used [0x0000000080000000,0x0000000082a8e8c8,0x0000000086c80000)
 Metaspace       used 82100K, capacity 85832K, committed 86016K, reserved 1124352K
  class space    used 11203K, capacity 11909K, committed 12032K, reserved 1048576K
}
Event: 3716.918 GC heap before
{Heap before GC invocations=20 (full 3):
 PSYoungGen      total 321024K, used 320644K [0x00000000d5580000, 0x00000000ebc00000, 0x0000000100000000)
  eden space 296960K, 100% used [0x00000000d5580000,0x00000000e7780000,0x00000000e7780000)
  from space 24064K, 98% used [0x00000000e9200000,0x00000000ea9213d0,0x00000000ea980000)
  to   space 27136K, 0% used [0x00000000e7780000,0x00000000e7780000,0x00000000e9200000)
 ParOldGen       total 111104K, used 43578K [0x0000000080000000, 0x0000000086c80000, 0x00000000d5580000)
  object space 111104K, 39% used [0x0000000080000000,0x0000000082a8e8c8,0x0000000086c80000)
 Metaspace       used 89101K, capacity 93146K, committed 93440K, reserved 1130496K
  class space    used 11960K, capacity 12766K, committed 12800K, reserved 1048576K
Event: 3717.107 GC heap after
Heap after GC invocations=20 (full 3):
 PSYoungGen      total 324096K, used 27134K [0x00000000d5580000, 0x00000000ee080000, 0x0000000100000000)
  eden space 296960K, 0% used [0x00000000d5580000,0x00000000d5580000,0x00000000e7780000)
  from space 27136K, 99% used [0x00000000e7780000,0x00000000e91ffb78,0x00000000e9200000)
  to   space 35840K, 0% used [0x00000000ebd80000,0x00000000ebd80000,0x00000000ee080000)
 ParOldGen       total 111104K, used 55975K [0x0000000080000000, 0x0000000086c80000, 0x00000000d5580000)
  object space 111104K, 50% used [0x0000000080000000,0x00000000836a9d80,0x0000000086c80000)
 Metaspace       used 89101K, capacity 93146K, committed 93440K, reserved 1130496K
  class space    used 11960K, capacity 12766K, committed 12800K, reserved 1048576K
}
Event: 4354.764 GC heap before
{Heap before GC invocations=21 (full 3):
 PSYoungGen      total 324096K, used 311333K [0x00000000d5580000, 0x00000000ee080000, 0x0000000100000000)
  eden space 296960K, 95% used [0x00000000d5580000,0x00000000e6b09b58,0x00000000e7780000)
  from space 27136K, 99% used [0x00000000e7780000,0x00000000e91ffb78,0x00000000e9200000)
  to   space 35840K, 0% used [0x00000000ebd80000,0x00000000ebd80000,0x00000000ee080000)
 ParOldGen       total 111104K, used 55975K [0x0000000080000000, 0x0000000086c80000, 0x00000000d5580000)
  object space 111104K, 50% used [0x0000000080000000,0x00000000836a9d80,0x0000000086c80000)
 Metaspace       used 94216K, capacity 98523K, committed 98560K, reserved 1134592K
  class space    used 12513K, capacity 13403K, committed 13440K, reserved 1048576K
Event: 4354.880 GC heap after
Heap after GC invocations=21 (full 3):
 PSYoungGen      total 317440K, used 32152K [0x00000000d5580000, 0x00000000edd00000, 0x0000000100000000)
  eden space 285184K, 0% used [0x00000000d5580000,0x00000000d5580000,0x00000000e6c00000)
  from space 32256K, 99% used [0x00000000ebd80000,0x00000000edce6380,0x00000000edd00000)
  to   space 39936K, 0% used [0x00000000e8f00000,0x00000000e8f00000,0x00000000eb600000)
 ParOldGen       total 111104K, used 70955K [0x0000000080000000, 0x0000000086c80000, 0x00000000d5580000)
  object space 111104K, 63% used [0x0000000080000000,0x000000008454ad98,0x0000000086c80000)
 Metaspace       used 94216K, capacity 98523K, committed 98560K, reserved 1134592K
  class space    used 12513K, capacity 13403K, committed 13440K, reserved 1048576K
}
Event: 4354.881 GC heap before
{Heap before GC invocations=22 (full 4):
 PSYoungGen      total 317440K, used 32152K [0x00000000d5580000, 0x00000000edd00000, 0x0000000100000000)
  eden space 285184K, 0% used [0x00000000d5580000,0x00000000d5580000,0x00000000e6c00000)
  from space 32256K, 99% used [0x00000000ebd80000,0x00000000edce6380,0x00000000edd00000)
  to   space 39936K, 0% used [0x00000000e8f00000,0x00000000e8f00000,0x00000000eb600000)
 ParOldGen       total 111104K, used 70955K [0x0000000080000000, 0x0000000086c80000, 0x00000000d5580000)
  object space 111104K, 63% used [0x0000000080000000,0x000000008454ad98,0x0000000086c80000)
 Metaspace       used 94216K, capacity 98523K, committed 98560K, reserved 1134592K
  class space    used 12513K, capacity 13403K, committed 13440K, reserved 1048576K
Event: 4355.929 GC heap after
Heap after GC invocations=22 (full 4):
 PSYoungGen      total 317440K, used 0K [0x00000000d5580000, 0x00000000edd00000, 0x0000000100000000)
  eden space 285184K, 0% used [0x00000000d5580000,0x00000000d5580000,0x00000000e6c00000)
  from space 32256K, 0% used [0x00000000ebd80000,0x00000000ebd80000,0x00000000edd00000)
  to   space 39936K, 0% used [0x00000000e8f00000,0x00000000e8f00000,0x00000000eb600000)
 ParOldGen       total 111104K, used 68679K [0x0000000080000000, 0x0000000086c80000, 0x00000000d5580000)
  object space 111104K, 61% used [0x0000000080000000,0x0000000084311cb8,0x0000000086c80000)
 Metaspace       used 93473K, capacity 97173K, committed 98560K, reserved 1134592K
  class space    used 12364K, capacity 13140K, committed 13440K, reserved 1048576K
}

