# JRE version: Java(TM) SE Runtime Environment (8.0_231-b11) (build 1.8.0_231-b11)
# Java VM: Java HotSpot(TM) 64-Bit Server VM (25.231-b11 mixed mode windows-amd64 compressed oops)
Heap:
 PSYoungGen      total 157696K, used 135590K [0x00000000d5580000, 0x00000000e0600000, 0x0000000100000000)
  eden space 148992K, 85% used [0x00000000d5580000,0x00000000dd1e5608,0x00000000de700000)
  from space 8704K, 94% used [0x00000000dfd80000,0x00000000e05845e0,0x00000000e0600000)
  to   space 11776K, 0% used [0x00000000def00000,0x00000000def00000,0x00000000dfa80000)
 ParOldGen       total 80384K, used 14374K [0x0000000080000000, 0x0000000084e80000, 0x00000000d5580000)
  object space 80384K, 17% used [0x0000000080000000,0x0000000080e09af0,0x0000000084e80000)
 Metaspace       used 50895K, capacity 52852K, committed 52992K, reserved 1095680K
  class space    used 6970K, capacity 7362K, committed 7424K, reserved 1048576K
GC Heap History (10 events):
Event: 16.298 GC heap before
{Heap before GC invocations=8 (full 1):
 PSYoungGen      total 76288K, used 66048K [0x00000000d5580000, 0x00000000dab80000, 0x0000000100000000)
  eden space 66048K, 100% used [0x00000000d5580000,0x00000000d9600000,0x00000000d9600000)
  from space 10240K, 0% used [0x00000000da080000,0x00000000da080000,0x00000000daa80000)
  to   space 10752K, 0% used [0x00000000d9600000,0x00000000d9600000,0x00000000da080000)
 ParOldGen       total 55808K, used 8894K [0x0000000080000000, 0x0000000083680000, 0x00000000d5580000)
  object space 55808K, 15% used [0x0000000080000000,0x00000000808afaf8,0x0000000083680000)
 Metaspace       used 28549K, capacity 29356K, committed 29696K, reserved 1075200K
  class space    used 4043K, capacity 4250K, committed 4352K, reserved 1048576K
Event: 16.328 GC heap after
Heap after GC invocations=8 (full 1):
 PSYoungGen      total 76800K, used 8187K [0x00000000d5580000, 0x00000000dd980000, 0x0000000100000000)
  eden space 66048K, 0% used [0x00000000d5580000,0x00000000d5580000,0x00000000d9600000)
  from space 10752K, 76% used [0x00000000d9600000,0x00000000d9dfed10,0x00000000da080000)
  to   space 11264K, 0% used [0x00000000dce80000,0x00000000dce80000,0x00000000dd980000)
 ParOldGen       total 55808K, used 8902K [0x0000000080000000, 0x0000000083680000, 0x00000000d5580000)
  object space 55808K, 15% used [0x0000000080000000,0x00000000808b1af8,0x0000000083680000)
 Metaspace       used 28549K, capacity 29356K, committed 29696K, reserved 1075200K
  class space    used 4043K, capacity 4250K, committed 4352K, reserved 1048576K
}
Event: 18.508 GC heap before
{Heap before GC invocations=9 (full 1):
 PSYoungGen      total 76800K, used 74235K [0x00000000d5580000, 0x00000000dd980000, 0x0000000100000000)
  eden space 66048K, 100% used [0x00000000d5580000,0x00000000d9600000,0x00000000d9600000)
  from space 10752K, 76% used [0x00000000d9600000,0x00000000d9dfed10,0x00000000da080000)
  to   space 11264K, 0% used [0x00000000dce80000,0x00000000dce80000,0x00000000dd980000)
 ParOldGen       total 55808K, used 8902K [0x0000000080000000, 0x0000000083680000, 0x00000000d5580000)
  object space 55808K, 15% used [0x0000000080000000,0x00000000808b1af8,0x0000000083680000)
 Metaspace       used 32920K, capacity 33938K, committed 34048K, reserved 1079296K
  class space    used 4602K, capacity 4845K, committed 4864K, reserved 1048576K
Event: 18.531 GC heap after
Heap after GC invocations=9 (full 1):
 PSYoungGen      total 122880K, used 9303K [0x00000000d5580000, 0x00000000dd980000, 0x0000000100000000)
  eden space 111616K, 0% used [0x00000000d5580000,0x00000000d5580000,0x00000000dc280000)
  from space 11264K, 82% used [0x00000000dce80000,0x00000000dd795c80,0x00000000dd980000)
  to   space 11776K, 0% used [0x00000000dc280000,0x00000000dc280000,0x00000000dce00000)
 ParOldGen       total 55808K, used 8910K [0x0000000080000000, 0x0000000083680000, 0x00000000d5580000)
  object space 55808K, 15% used [0x0000000080000000,0x00000000808b3af8,0x0000000083680000)
 Metaspace       used 32920K, capacity 33938K, committed 34048K, reserved 1079296K
  class space    used 4602K, capacity 4845K, committed 4864K, reserved 1048576K
}
Event: 19.407 GC heap before
{Heap before GC invocations=10 (full 1):
 PSYoungGen      total 122880K, used 37601K [0x00000000d5580000, 0x00000000dd980000, 0x0000000100000000)
  eden space 111616K, 25% used [0x00000000d5580000,0x00000000d71228f8,0x00000000dc280000)
  from space 11264K, 82% used [0x00000000dce80000,0x00000000dd795c80,0x00000000dd980000)
  to   space 11776K, 0% used [0x00000000dc280000,0x00000000dc280000,0x00000000dce00000)
 ParOldGen       total 55808K, used 8910K [0x0000000080000000, 0x0000000083680000, 0x00000000d5580000)
  object space 55808K, 15% used [0x0000000080000000,0x00000000808b3af8,0x0000000083680000)
 Metaspace       used 34289K, capacity 35426K, committed 35496K, reserved 1079296K
  class space    used 4830K, capacity 5096K, committed 5120K, reserved 1048576K
Event: 19.429 GC heap after
Heap after GC invocations=10 (full 1):
 PSYoungGen      total 123392K, used 7930K [0x00000000d5580000, 0x00000000e0900000, 0x0000000100000000)
  eden space 111616K, 0% used [0x00000000d5580000,0x00000000d5580000,0x00000000dc280000)
  from space 11776K, 67% used [0x00000000dc280000,0x00000000dca3eb90,0x00000000dce00000)
  to   space 11776K, 0% used [0x00000000dfd80000,0x00000000dfd80000,0x00000000e0900000)
 ParOldGen       total 55808K, used 8918K [0x0000000080000000, 0x0000000083680000, 0x00000000d5580000)
  object space 55808K, 15% used [0x0000000080000000,0x00000000808b5af8,0x0000000083680000)
 Metaspace       used 34289K, capacity 35426K, committed 35496K, reserved 1079296K
  class space    used 4830K, capacity 5096K, committed 5120K, reserved 1048576K
}
Event: 19.429 GC heap before
{Heap before GC invocations=11 (full 2):
 PSYoungGen      total 123392K, used 7930K [0x00000000d5580000, 0x00000000e0900000, 0x0000000100000000)
  eden space 111616K, 0% used [0x00000000d5580000,0x00000000d5580000,0x00000000dc280000)
  from space 11776K, 67% used [0x00000000dc280000,0x00000000dca3eb90,0x00000000dce00000)
  to   space 11776K, 0% used [0x00000000dfd80000,0x00000000dfd80000,0x00000000e0900000)
 ParOldGen       total 55808K, used 8918K [0x0000000080000000, 0x0000000083680000, 0x00000000d5580000)
  object space 55808K, 15% used [0x0000000080000000,0x00000000808b5af8,0x0000000083680000)
 Metaspace       used 34289K, capacity 35426K, committed 35496K, reserved 1079296K
  class space    used 4830K, capacity 5096K, committed 5120K, reserved 1048576K
Event: 19.547 GC heap after
Heap after GC invocations=11 (full 2):
 PSYoungGen      total 123392K, used 0K [0x00000000d5580000, 0x00000000e0900000, 0x0000000100000000)
  eden space 111616K, 0% used [0x00000000d5580000,0x00000000d5580000,0x00000000dc280000)
  from space 11776K, 0% used [0x00000000dc280000,0x00000000dc280000,0x00000000dce00000)
  to   space 11776K, 0% used [0x00000000dfd80000,0x00000000dfd80000,0x00000000e0900000)
 ParOldGen       total 80384K, used 14366K [0x0000000080000000, 0x0000000084e80000, 0x00000000d5580000)
  object space 80384K, 17% used [0x0000000080000000,0x0000000080e07af0,0x0000000084e80000)
 Metaspace       used 34289K, capacity 35426K, committed 35496K, reserved 1079296K
  class space    used 4830K, capacity 5096K, committed 5120K, reserved 1048576K
}
Event: 21.980 GC heap before
{Heap before GC invocations=12 (full 2):
 PSYoungGen      total 123392K, used 111616K [0x00000000d5580000, 0x00000000e0900000, 0x0000000100000000)
  eden space 111616K, 100% used [0x00000000d5580000,0x00000000dc280000,0x00000000dc280000)
  from space 11776K, 0% used [0x00000000dc280000,0x00000000dc280000,0x00000000dce00000)
  to   space 11776K, 0% used [0x00000000dfd80000,0x00000000dfd80000,0x00000000e0900000)
 ParOldGen       total 80384K, used 14366K [0x0000000080000000, 0x0000000084e80000, 0x00000000d5580000)
  object space 80384K, 17% used [0x0000000080000000,0x0000000080e07af0,0x0000000084e80000)
 Metaspace       used 38242K, capacity 39840K, committed 40064K, reserved 1083392K
  class space    used 5395K, capacity 5700K, committed 5760K, reserved 1048576K
Event: 22.022 GC heap after
Heap after GC invocations=12 (full 2):
 PSYoungGen      total 157696K, used 8209K [0x00000000d5580000, 0x00000000e0600000, 0x0000000100000000)
  eden space 148992K, 0% used [0x00000000d5580000,0x00000000d5580000,0x00000000de700000)
  from space 8704K, 94% used [0x00000000dfd80000,0x00000000e05845e0,0x00000000e0600000)
  to   space 11776K, 0% used [0x00000000def00000,0x00000000def00000,0x00000000dfa80000)
 ParOldGen       total 80384K, used 14374K [0x0000000080000000, 0x0000000084e80000, 0x00000000d5580000)
  object space 80384K, 17% used [0x0000000080000000,0x0000000080e09af0,0x0000000084e80000)
 Metaspace       used 38242K, capacity 39840K, committed 40064K, reserved 1083392K
  class space    used 5395K, capacity 5700K, committed 5760K, reserved 1048576K
}

